Inspect Trace File C:\Users\aitor.pitarch\Desktop\Teatre\Raytracing\teatre.mpc
File Type: Impact File
File Version: EASE 4.0

CutOff Order = 4
CutOff Time = 100

Room = Project1
Town = EASE Town
Engineer = tsc
Remark = 
Room Volume[m³] = 3914.8
Room Surface[m²] = 1814.089
Room Pressure[hPa] = 1013
Room Temperature[°C] = 20
Room Humidity[%] = 60

Loudspeaker = S1
Position[m] x = 0 y = .1 z = 1.6
Direction[°] h = 180 v = 9 r = 0
Speaker = MAN NORM NEW
Delay[ms] = 0
Freq[Hz]  Level[dB]  Phase[deg]
    100      52.00        0.00      
    125      52.00        0.00      
    160      54.00        0.00      
    200      56.00        0.00      
    250      58.00        0.00      
    315      59.00        0.00      
    400      60.00        0.00      
    500      61.00        0.00      
    630      58.67        0.00      
    800      56.33        0.00      
   1000      54.00        0.00      
   1250      52.67        0.00      
   1600      51.33        0.00      
   2000      50.00        0.00      
   2500      48.67        0.00      
   3150      47.33        0.00      
   4000      46.00        0.00      
   5000      44.33        0.00      
   6300      42.67        0.00      
   8000      41.00        0.00      
  10000      41.00        0.00      

Listener Seat 2
Position[m] x = 4 y = 2 z = 1.2
Direction[°] h = 180 v = 0 r = 0
Freq[Hz]  Decay[s]
    100      0.28 
    125      0.27 
    160      0.24 
    200      0.21 
    250      0.18 
    315      0.17 
    400      0.16 
    500      0.14 
    630      0.13 
    800      0.11 
   1000      0.08 
   1250      0.12 
   1600      0.14 
   2000      0.17 
   2500      0.18 
   3150      0.19 
   4000      0.20 
   5000      0.21 
   6300      0.21 
   8000      0.20 
  10000      0.19 

Listener Seat 2*
Position[m] x =-4 y = 2 z = 1.2
Direction[°] h =-180 v = 0 r = 0
Freq[Hz]  Decay[s]
    100      0.28 
    125      0.27 
    160      0.24 
    200      0.21 
    250      0.18 
    315      0.17 
    400      0.16 
    500      0.14 
    630      0.13 
    800      0.11 
   1000      0.08 
   1250      0.12 
   1600      0.14 
   2000      0.17 
   2500      0.18 
   3150      0.19 
   4000      0.20 
   5000      0.21 
   6300      0.21 
   8000      0.20 
  10000      0.19 

Listener Seat 3
Position[m] x = 5 y = 8 z = 1.2
Direction[°] h = 180 v = 0 r = 0
Freq[Hz]  Decay[s]
    100      0.89 
    125      0.80 
    160      0.72 
    200      0.65 
    250      0.58 
    315      0.54 
    400      0.51 
    500      0.48 
    630      0.45 
    800      0.41 
   1000      0.34 
   1250      0.43 
   1600      0.48 
   2000      0.51 
   2500      0.53 
   3150      0.53 
   4000      0.53 
   5000      0.60 
   6300      0.56 
   8000      0.50 
  10000      0.44 

Listener Seat 3*
Position[m] x =-5 y = 8 z = 1.2
Direction[°] h =-180 v = 0 r = 0
Freq[Hz]  Decay[s]
    100      0.89 
    125      0.80 
    160      0.72 
    200      0.65 
    250      0.58 
    315      0.54 
    400      0.51 
    500      0.48 
    630      0.45 
    800      0.41 
   1000      0.34 
   1250      0.43 
   1600      0.48 
   2000      0.51 
   2500      0.53 
   3150      0.53 
   4000      0.53 
   5000      0.60 
   6300      0.56 
   8000      0.50 
  10000      0.44 

Listener Seat 4
Position[m] x = 2 y = 14 z = 1.2
Direction[°] h = 180 v = 0 r = 0
Freq[Hz]  Decay[s]
    100      0.89 
    125      0.82 
    160      0.74 
    200      0.67 
    250      0.59 
    315      0.55 
    400      0.52 
    500      0.48 
    630      0.44 
    800      0.39 
   1000      0.30 
   1250      0.40 
   1600      0.45 
   2000      0.48 
   2500      0.52 
   3150      0.54 
   4000      0.54 
   5000      0.59 
   6300      0.56 
   8000      0.51 
  10000      0.45 

Listener Seat 4*
Position[m] x =-2 y = 14 z = 1.2
Direction[°] h =-180 v = 0 r = 0
Freq[Hz]  Decay[s]
    100      0.89 
    125      0.82 
    160      0.74 
    200      0.67 
    250      0.59 
    315      0.55 
    400      0.52 
    500      0.48 
    630      0.44 
    800      0.39 
   1000      0.30 
   1250      0.40 
   1600      0.45 
   2000      0.48 
   2500      0.52 
   3150      0.54 
   4000      0.54 
   5000      0.59 
   6300      0.56 
   8000      0.51 
  10000      0.45 

Listener Seat 5
Position[m] x = 8 y = 14 z = 1.2
Direction[°] h = 180 v = 0 r = 0
Freq[Hz]  Decay[s]
    100      0.83 
    125      0.78 
    160      0.70 
    200      0.63 
    250      0.55 
    315      0.52 
    400      0.49 
    500      0.46 
    630      0.43 
    800      0.38 
   1000      0.29 
   1250      0.40 
   1600      0.45 
   2000      0.49 
   2500      0.52 
   3150      0.55 
   4000      0.56 
   5000      0.61 
   6300      0.58 
   8000      0.53 
  10000      0.46 

Listener Seat 5*
Position[m] x =-8 y = 14 z = 1.2
Direction[°] h =-180 v = 0 r = 0
Freq[Hz]  Decay[s]
    100      0.83 
    125      0.78 
    160      0.70 
    200      0.63 
    250      0.55 
    315      0.52 
    400      0.49 
    500      0.46 
    630      0.43 
    800      0.38 
   1000      0.29 
   1250      0.40 
   1600      0.45 
   2000      0.49 
   2500      0.52 
   3150      0.55 
   4000      0.56 
   5000      0.61 
   6300      0.58 
   8000      0.53 
  10000      0.46 

Listener Seat 6
Position[m] x = 1 y = 22.5 z = 1.2
Direction[°] h = 180 v = 0 r = 0
Freq[Hz]  Decay[s]
    100      0.81 
    125      0.77 
    160      0.68 
    200      0.59 
    250      0.51 
    315      0.49 
    400      0.46 
    500      0.43 
    630      0.39 
    800      0.34 
   1000      0.25 
   1250      0.36 
   1600      0.42 
   2000      0.47 
   2500      0.51 
   3150      0.54 
   4000      0.55 
   5000      0.59 
   6300      0.56 
   8000      0.51 
  10000      0.45 

Listener Seat 6*
Position[m] x =-1 y = 22.5 z = 1.2
Direction[°] h =-180 v = 0 r = 0
Freq[Hz]  Decay[s]
    100      0.81 
    125      0.77 
    160      0.68 
    200      0.59 
    250      0.51 
    315      0.49 
    400      0.46 
    500      0.43 
    630      0.39 
    800      0.34 
   1000      0.25 
   1250      0.36 
   1600      0.42 
   2000      0.47 
   2500      0.51 
   3150      0.54 
   4000      0.55 
   5000      0.59 
   6300      0.56 
   8000      0.51 
  10000      0.45 

Listener Seat 7
Position[m] x = 8.4 y = 20.25 z = 1.2
Direction[°] h = 180 v = 0 r = 0
Freq[Hz]  Decay[s]
    100      0.84 
    125      0.79 
    160      0.70 
    200      0.62 
    250      0.54 
    315      0.51 
    400      0.48 
    500      0.45 
    630      0.41 
    800      0.36 
   1000      0.28 
   1250      0.38 
   1600      0.43 
   2000      0.47 
   2500      0.50 
   3150      0.51 
   4000      0.52 
   5000      0.55 
   6300      0.53 
   8000      0.48 
  10000      0.43 

Listener Seat 7*
Position[m] x =-8.4 y = 20.25 z = 1.2
Direction[°] h =-180 v = 0 r = 0
Freq[Hz]  Decay[s]
    100      0.84 
    125      0.79 
    160      0.70 
    200      0.62 
    250      0.54 
    315      0.51 
    400      0.48 
    500      0.45 
    630      0.41 
    800      0.36 
   1000      0.28 
   1250      0.38 
   1600      0.43 
   2000      0.47 
   2500      0.50 
   3150      0.51 
   4000      0.52 
   5000      0.55 
   6300      0.53 
   8000      0.48 
  10000      0.43 

Rays = 459
================================
EASE 4.4 EaseRays on 12/4/2025 3:28:07 PM

Mirror Image Impact Computing Protocol
Project	Teatre

Begin	Thursday, December 4, 2025, 3:27:50 PM
End	Thursday, December 4, 2025, 3:28:07 PM
Time [s]	 16.3
	 1.Order:	 55 Impacts
	 2.Order:	 108 Impacts
	 3.Order:	 142 Impacts
	 4.Order:	 142 Impacts
	   Overall:	 447 Impacts
